<?xml version="1.0" encoding="UTF-8"?>
<!-- Generated by org.testng.reporters.JUnitReportReporter -->
<testsuite name="scripts.IFS.Ts_ActivateDeactivatedExternalUsers_13298" tests="1" time="96.239" ignored="0" failures="0" timestamp="19 Dec 2016 12:50:50 GMT" skipped="0" hostname="INHYDRANUMUKON1" errors="0">
  <testcase name="create_ExternalUser" time="96.239" classname="scripts.IFS.Ts_ActivateDeactivatedExternalUsers_13298"/>
</testsuite> <!-- scripts.IFS.Ts_ActivateDeactivatedExternalUsers_13298 -->
