<?xml version="1.0" encoding="UTF-8"?>
<!-- Generated by org.testng.reporters.JUnitXMLReporter -->
<testsuite hostname="RKANDULA-L-1071" ignored="0" name="chrome" tests="1" failures="0" timestamp="14 May 2018 09:29:54 GMT" time="0.036" errors="0">
  <testcase name="@BeforeTest setUpBrowser" time="0.001" classname="utility.Utility">
    <failure type="java.lang.NullPointerException" message="key can&amp;apos;t be null">
      <![CDATA[java.lang.NullPointerException: key can't be null
at java.lang.System.checkKey(System.java:838)
at java.lang.System.getProperty(System.java:714)
at utility.Utility.setUpBrowser(Utility.java:137)
... Removed 24 stack frames]]>
    </failure>
  </testcase> <!-- @BeforeTest setUpBrowser -->
  <testcase name="@BeforeClass setup" time="0.0" classname="scripts.NetNames.TS1_VerifyDashboardItems">
    <skipped/>
  </testcase> <!-- @BeforeClass setup -->
  <testcase name="@AfterClass tearDown" time="0.0" classname="scripts.NetNames.TS1_VerifyDashboardItems">
    <skipped/>
  </testcase> <!-- @AfterClass tearDown -->
  <testcase name="test" time="0.0" classname="scripts.NetNames.TS1_VerifyDashboardItems">
    <skipped/>
  </testcase> <!-- test -->
</testsuite> <!-- chrome -->
