<?xml version="1.0" encoding="UTF-8"?>
<!-- Generated by org.testng.reporters.JUnitXMLReporter -->
<testsuite hostname="RKANDULA-L-1071" ignored="0" name="Test" tests="4" failures="0" timestamp="09 Sep 2018 15:49:19 GMT" time="0.13" errors="0">
  <testcase name="testmypgm1" time="0.017" classname="mypackage1.Testng_Selenium1"/>
  <testcase name="testmypgm2" time="0.004" classname="mypackage1.Testng_Selenium1"/>
  <testcase name="testsecondclass1" time="0.006" classname="mypackage1.Testng_Selenium2"/>
  <testcase name="testsecondclass2" time="0.001" classname="mypackage1.Testng_Selenium2"/>
</testsuite> <!-- Test -->
