<?xml version="1.0" encoding="UTF-8"?>
<testng-results skipped="1" failed="0" total="1" passed="0">
  <reporter-output>
  </reporter-output>
  <suite name="Default suite" duration-ms="35" started-at="2018-10-25T13:14:52Z" finished-at="2018-10-25T13:14:52Z">
    <groups>
    </groups>
    <test name="Default test" duration-ms="35" started-at="2018-10-25T13:14:52Z" finished-at="2018-10-25T13:14:52Z">
      <class name="basics.APIDEMO">
        <test-method status="FAIL" signature="startAppiumServer()[pri:0, instance:basics.APIDEMO@5e5792a0]" name="startAppiumServer" is-config="true" duration-ms="0" started-at="2018-10-25T18:44:52Z" finished-at="2018-10-25T18:44:52Z">
          <exception class="java.lang.NoClassDefFoundError">
            <message>
              <![CDATA[org/apache/commons/io/IOUtils]]>
            </message>
            <full-stacktrace>
              <![CDATA[java.lang.NoClassDefFoundError: org/apache/commons/io/IOUtils
	at io.appium.java_client.service.local.Scripts.getScriptFile(Scripts.java:42)
	at io.appium.java_client.service.local.AppiumServiceBuilder.setUpGetNodeJSExecutableScript(AppiumServiceBuilder.java:130)
	at io.appium.java_client.service.local.AppiumServiceBuilder.findDefaultExecutable(AppiumServiceBuilder.java:188)
	at org.openqa.selenium.remote.service.DriverService$Builder.build(DriverService.java:346)
	at io.appium.java_client.service.local.AppiumDriverLocalService.buildService(AppiumDriverLocalService.java:71)
	at io.appium.java_client.service.local.AppiumDriverLocalService.buildDefaultService(AppiumDriverLocalService.java:67)
	at basics.Base.startAppiumServer(Base.java:31)
	at sun.reflect.NativeMethodAccessorImpl.invoke0(Native Method)
	at sun.reflect.NativeMethodAccessorImpl.invoke(NativeMethodAccessorImpl.java:62)
	at sun.reflect.DelegatingMethodAccessorImpl.invoke(DelegatingMethodAccessorImpl.java:43)
	at java.lang.reflect.Method.invoke(Method.java:498)
	at org.testng.internal.MethodInvocationHelper.invokeMethod(MethodInvocationHelper.java:84)
	at org.testng.internal.Invoker.invokeConfigurationMethod(Invoker.java:564)
	at org.testng.internal.Invoker.invokeConfigurations(Invoker.java:213)
	at org.testng.internal.Invoker.invokeConfigurations(Invoker.java:138)
	at org.testng.SuiteRunner.privateRun(SuiteRunner.java:277)
	at org.testng.SuiteRunner.run(SuiteRunner.java:240)
	at org.testng.SuiteRunnerWorker.runSuite(SuiteRunnerWorker.java:52)
	at org.testng.SuiteRunnerWorker.run(SuiteRunnerWorker.java:86)
	at org.testng.TestNG.runSuitesSequentially(TestNG.java:1224)
	at org.testng.TestNG.runSuitesLocally(TestNG.java:1149)
	at org.testng.TestNG.run(TestNG.java:1057)
	at org.testng.remote.AbstractRemoteTestNG.run(AbstractRemoteTestNG.java:114)
	at org.testng.remote.RemoteTestNG.initAndRun(RemoteTestNG.java:251)
	at org.testng.remote.RemoteTestNG.main(RemoteTestNG.java:77)
Caused by: java.lang.ClassNotFoundException: org.apache.commons.io.IOUtils
	at java.net.URLClassLoader.findClass(URLClassLoader.java:381)
	at java.lang.ClassLoader.loadClass(ClassLoader.java:424)
	at sun.misc.Launcher$AppClassLoader.loadClass(Launcher.java:338)
	at java.lang.ClassLoader.loadClass(ClassLoader.java:357)
	... 25 more
]]>
            </full-stacktrace>
          </exception> <!-- java.lang.NoClassDefFoundError -->
          <reporter-output>
          </reporter-output>
        </test-method> <!-- startAppiumServer -->
        <test-method status="SKIP" signature="LaunchApp()[pri:0, instance:basics.APIDEMO@5e5792a0]" name="LaunchApp" is-config="true" duration-ms="0" started-at="2018-10-25T18:44:52Z" finished-at="2018-10-25T18:44:52Z">
          <reporter-output>
          </reporter-output>
        </test-method> <!-- LaunchApp -->
        <test-method status="SKIP" signature="AndroidTestCase1()[pri:0, instance:basics.APIDEMO@5e5792a0]" name="AndroidTestCase1" duration-ms="3" started-at="2018-10-25T18:44:52Z" finished-at="2018-10-25T18:44:52Z">
          <reporter-output>
          </reporter-output>
        </test-method> <!-- AndroidTestCase1 -->
        <test-method status="SKIP" signature="stopAppiumServer()[pri:0, instance:basics.APIDEMO@5e5792a0]" name="stopAppiumServer" is-config="true" duration-ms="0" started-at="2018-10-25T18:44:52Z" finished-at="2018-10-25T18:44:52Z">
          <reporter-output>
          </reporter-output>
        </test-method> <!-- stopAppiumServer -->
      </class> <!-- basics.APIDEMO -->
    </test> <!-- Default test -->
  </suite> <!-- Default suite -->
</testng-results>
