<?xml version="1.0" encoding="UTF-8"?>
<!-- Generated by org.testng.reporters.JUnitReportReporter -->
<testsuite name="scripts.IFS.Ts_ActivateDeactivatedMultipleUsers_13311" tests="1" time="102.598" ignored="0" failures="0" timestamp="19 Dec 2016 12:50:50 GMT" skipped="0" hostname="INHYDRANUMUKON1" errors="0">
  <testcase name="activate_DeactMultiUsers" time="102.598" classname="scripts.IFS.Ts_ActivateDeactivatedMultipleUsers_13311"/>
</testsuite> <!-- scripts.IFS.Ts_ActivateDeactivatedMultipleUsers_13311 -->
