<?xml version="1.0" encoding="UTF-8"?>
<!-- Generated by org.testng.reporters.JUnitReportReporter -->
<testsuite name="scripts.IFS.Ts_CreateMultipleContactGroups_13312" tests="1" time="103.352" ignored="0" failures="0" timestamp="19 Dec 2016 12:50:50 GMT" skipped="0" hostname="INHYDRANUMUKON1" errors="0">
  <testcase name="CreateMultiContactGroups" time="103.352" classname="scripts.IFS.Ts_CreateMultipleContactGroups_13312"/>
</testsuite> <!-- scripts.IFS.Ts_CreateMultipleContactGroups_13312 -->
