<?xml version="1.0" encoding="UTF-8"?>
<!-- Generated by org.testng.reporters.JUnitReportReporter -->
<testsuite hostname="INHYDLKANTHU1" name="mingle.Admin.Ts_CreateNonInforApp_13280" tests="2" failures="0" timestamp="28 Nov 2016 11:13:00 GMT" time="84.063" errors="0">
  <testcase name="rb_DeleteApp" time="31.340" classname="mingle.Admin.Ts_CreateNonInforApp_13280"/>
  <testcase name="create_App" time="52.723" classname="mingle.Admin.Ts_CreateNonInforApp_13280"/>
</testsuite> <!-- mingle.Admin.Ts_CreateNonInforApp_13280 -->
