<?xml version="1.0" encoding="UTF-8"?>
<!-- Generated by org.testng.reporters.JUnitReportReporter -->
<testsuite skipped="0" hostname="INHYNLKANTHU1" name="scripts.Admin.Ts_UserMenuOption_AdminSettings_MingleAdmin" tests="2" failures="0" timestamp="2 Jan 2017 07:10:09 GMT" time="58.107" errors="0">
  <testcase name="adminsettingsNA" time="33.139" classname="scripts.Admin.Ts_UserMenuOption_AdminSettings_MingleAdmin"/>
  <testcase name="adminSettings" time="24.968" classname="scripts.Admin.Ts_UserMenuOption_AdminSettings_MingleAdmin"/>
</testsuite> <!-- scripts.Admin.Ts_UserMenuOption_AdminSettings_MingleAdmin -->
