<?xml version="1.0" encoding="UTF-8"?>
<!-- Generated by org.testng.reporters.JUnitReportReporter -->
<testsuite hostname="INHYDLKANTHU1" name="mingle.Admin.Ts_CreateUtilityApp_13283" tests="2" failures="0" timestamp="28 Nov 2016 11:13:00 GMT" time="55.619" errors="0">
  <testcase name="rb_DeleteApp" time="28.160" classname="mingle.Admin.Ts_CreateUtilityApp_13283"/>
  <testcase name="create_App" time="27.459" classname="mingle.Admin.Ts_CreateUtilityApp_13283"/>
</testsuite> <!-- mingle.Admin.Ts_CreateUtilityApp_13283 -->
