<?xml version="1.0" encoding="UTF-8"?>
<!-- Generated by org.testng.reporters.JUnitXMLReporter -->
<testsuite hostname="RKANDULA-L-1071" ignored="0" name="Default test" tests="4" failures="0" timestamp="08 Oct 2018 08:17:47 GMT" time="0.04" errors="0">
  <testcase name="tm1" time="0.01" classname="mypackage1.Testng_Selenium7"/>
  <testcase name="tm2" time="0.0" classname="mypackage1.Testng_Selenium7"/>
  <testcase name="tm3" time="0.01" classname="mypackage1.Testng_Selenium7"/>
  <testcase name="tm4" time="0.0" classname="mypackage1.Testng_Selenium7"/>
</testsuite> <!-- Default test -->
