<?xml version="1.0" encoding="UTF-8"?>
<!-- Generated by org.testng.reporters.JUnitXMLReporter -->
<testsuite hostname="RKANDULA-L-1071" ignored="0" name="Default test" tests="3" failures="0" timestamp="10 Sep 2018 03:22:25 GMT" time="0.05" errors="0">
  <testcase name="dataproviderexmaple" time="0.01" classname="mypackage1.DataProvider1"/>
  <testcase name="dataproviderexmaple" time="0.01" classname="mypackage1.DataProvider1"/>
  <testcase name="dataproviderexmaple" time="0.0" classname="mypackage1.DataProvider1"/>
</testsuite> <!-- Default test -->
