<?xml version="1.0" encoding="UTF-8"?>
<testng-results skipped="0" failed="0" ignored="0" total="2" passed="2">
  <reporter-output>
  </reporter-output>
  <suite name="suite1" duration-ms="30460" started-at="2018-07-02T13:28:50Z" finished-at="2018-07-02T13:29:21Z">
    <groups>
    </groups>
    <test name="EVOKE TEST " duration-ms="30460" started-at="2018-07-02T13:28:50Z" finished-at="2018-07-02T13:29:21Z">
      <class name="scripts.Evoke.TS1_Evoke_ContactUS">
        <test-method status="PASS" signature="setup()[pri:0, instance:scripts.Evoke.TS1_Evoke_ContactUS@47ef968d]" name="setup" is-config="true" duration-ms="2" started-at="2018-07-02T13:28:50Z" finished-at="2018-07-02T13:28:51Z">
          <reporter-output>
          </reporter-output>
        </test-method> <!-- setup -->
        <test-method status="PASS" signature="testscript1()[pri:1, instance:scripts.Evoke.TS1_Evoke_ContactUS@47ef968d]" name="testscript1" duration-ms="25095" started-at="2018-07-02T13:28:51Z" finished-at="2018-07-02T13:29:16Z">
          <reporter-output>
          </reporter-output>
        </test-method> <!-- testscript1 -->
        <test-method status="PASS" signature="tearDown()[pri:0, instance:scripts.Evoke.TS1_Evoke_ContactUS@47ef968d]" name="tearDown" is-config="true" duration-ms="339" started-at="2018-07-02T13:29:16Z" finished-at="2018-07-02T13:29:16Z">
          <reporter-output>
          </reporter-output>
        </test-method> <!-- tearDown -->
        <test-method status="PASS" signature="testscript2()[pri:2, instance:scripts.Evoke.TS1_Evoke_ContactUS@47ef968d]" name="testscript2" duration-ms="4906" started-at="2018-07-02T13:29:16Z" finished-at="2018-07-02T13:29:21Z">
          <reporter-output>
          </reporter-output>
        </test-method> <!-- testscript2 -->
        <test-method status="PASS" signature="setup()[pri:0, instance:scripts.Evoke.TS1_Evoke_ContactUS@47ef968d]" name="setup" is-config="true" duration-ms="0" started-at="2018-07-02T13:29:16Z" finished-at="2018-07-02T13:29:16Z">
          <reporter-output>
          </reporter-output>
        </test-method> <!-- setup -->
        <test-method status="PASS" signature="tearDown()[pri:0, instance:scripts.Evoke.TS1_Evoke_ContactUS@47ef968d]" name="tearDown" is-config="true" duration-ms="91" started-at="2018-07-02T13:29:21Z" finished-at="2018-07-02T13:29:21Z">
          <reporter-output>
          </reporter-output>
        </test-method> <!-- tearDown -->
      </class> <!-- scripts.Evoke.TS1_Evoke_ContactUS -->
      <class name="utility.Utility">
        <test-method status="PASS" signature="startReport()[pri:0, instance:utility.Utility@5bc79255]" name="startReport" is-config="true" duration-ms="836" started-at="2018-07-02T13:28:50Z" finished-at="2018-07-02T13:28:50Z">
          <reporter-output>
          </reporter-output>
        </test-method> <!-- startReport -->
        <test-method status="PASS" signature="setUpBrowser(java.lang.String)[pri:0, instance:utility.Utility@5bc79255]" name="setUpBrowser" is-config="true" duration-ms="5" started-at="2018-07-02T13:28:50Z" finished-at="2018-07-02T13:28:50Z">
          <params>
            <param index="0">
              <value>
                <![CDATA[Chrome]]>
              </value>
            </param>
          </params>
          <reporter-output>
          </reporter-output>
        </test-method> <!-- setUpBrowser -->
        <test-method status="PASS" signature="endReport()[pri:0, instance:utility.Utility@5bc79255]" name="endReport" is-config="true" duration-ms="56" started-at="2018-07-02T13:29:21Z" finished-at="2018-07-02T13:29:21Z">
          <reporter-output>
          </reporter-output>
        </test-method> <!-- endReport -->
      </class> <!-- utility.Utility -->
    </test> <!-- EVOKE TEST  -->
  </suite> <!-- suite1 -->
</testng-results>
