<?xml version="1.0" encoding="UTF-8"?>
<!-- Generated by org.testng.reporters.JUnitXMLReporter -->
<testsuite hostname="RKANDULA-L-1071" ignored="1" name="MyownTests" tests="12" failures="0" timestamp="10 Sep 2018 03:06:08 GMT" time="0.04" errors="0">
  <testcase name="widnows2" time="0.0" classname="mypackage1.Testng_Selenium3"/>
  <testcase name="windows1" time="0.0" classname="mypackage1.Testng_Selenium3"/>
  <testcase name="windows3" time="0.0" classname="mypackage1.Testng_Selenium3"/>
  <testcase name="cars6" time="0.01" classname="mypackage1.Testng_Selenium4"/>
  <testcase name="human1" time="0.0" classname="mypackage1.Testng_Selenium5"/>
  <testcase name="human2" time="0.01" classname="mypackage1.Testng_Selenium5"/>
  <testcase name="human3" time="0.0" classname="mypackage1.Testng_Selenium5"/>
  <testcase name="human4" time="0.0" classname="mypackage1.Testng_Selenium5"/>
  <testcase name="cars4" time="0.0" classname="mypackage1.Testng_Selenium4"/>
  <testcase name="cars1" time="0.0" classname="mypackage1.Testng_Selenium4"/>
  <testcase name="cars3" time="0.0" classname="mypackage1.Testng_Selenium4"/>
  <testcase name="cars2" time="0.0" classname="mypackage1.Testng_Selenium4"/>
  <testcase name="cars5" time="0.0" classname="mypackage1.Testng_Selenium4">
    <ignored/>
  </testcase> <!-- cars5 -->
</testsuite> <!-- MyownTests -->
