<?xml version="1.0" encoding="UTF-8"?>
<testng-results skipped="0" failed="1" ignored="0" total="11" passed="10">
  <reporter-output>
  </reporter-output>
  <suite name="SeleniumAutomation_Suites" duration-ms="78" started-at="2018-09-10T03:46:08Z" finished-at="2018-09-10T03:46:08Z">
    <groups>
      <group name="Regression">
        <method signature="Testng_Selenium1.Android3()[pri:0, instance:mypackage1.Testng_Selenium1@4f933fd1]" name="Android3" class="mypackage1.Testng_Selenium1"/>
        <method signature="Testng_Selenium1.Android4()[pri:0, instance:mypackage1.Testng_Selenium1@4f933fd1]" name="Android4" class="mypackage1.Testng_Selenium1"/>
      </group> <!-- Regression -->
      <group name="Smoke">
        <method signature="Testng_Selenium1.Android_1ravi()[pri:0, instance:mypackage1.Testng_Selenium1@4f933fd1]" name="Android_1ravi" class="mypackage1.Testng_Selenium1"/>
        <method signature="Testng_Selenium1.Android_2ravi()[pri:0, instance:mypackage1.Testng_Selenium1@4f933fd1]" name="Android_2ravi" class="mypackage1.Testng_Selenium1"/>
        <method signature="Testng_Selenium2.iostestcase1()[pri:0, instance:mypackage1.Testng_Selenium2@d2cc05a]" name="iostestcase1" class="mypackage1.Testng_Selenium2"/>
      </group> <!-- Smoke -->
    </groups>
    <test name="DummyTests" duration-ms="78" started-at="2018-09-10T03:46:08Z" finished-at="2018-09-10T03:46:08Z">
      <class name="mypackage1.Testng_Selenium1">
        <test-method status="PASS" signature="Android3()[pri:0, instance:mypackage1.Testng_Selenium1@4f933fd1]" name="Android3" duration-ms="10" started-at="2018-09-10T03:46:08Z" finished-at="2018-09-10T03:46:08Z">
          <reporter-output>
          </reporter-output>
        </test-method> <!-- Android3 -->
        <test-method status="PASS" signature="Android6()[pri:0, instance:mypackage1.Testng_Selenium1@4f933fd1]" name="Android6" duration-ms="10" started-at="2018-09-10T03:46:08Z" finished-at="2018-09-10T03:46:08Z">
          <reporter-output>
          </reporter-output>
        </test-method> <!-- Android6 -->
        <test-method status="PASS" signature="Android5()[pri:0, instance:mypackage1.Testng_Selenium1@4f933fd1]" name="Android5" duration-ms="0" started-at="2018-09-10T03:46:08Z" finished-at="2018-09-10T03:46:08Z">
          <reporter-output>
          </reporter-output>
        </test-method> <!-- Android5 -->
        <test-method status="PASS" signature="Android4()[pri:0, instance:mypackage1.Testng_Selenium1@4f933fd1]" name="Android4" duration-ms="0" started-at="2018-09-10T03:46:08Z" finished-at="2018-09-10T03:46:08Z">
          <reporter-output>
          </reporter-output>
        </test-method> <!-- Android4 -->
        <test-method status="PASS" signature="Android_1ravi()[pri:0, instance:mypackage1.Testng_Selenium1@4f933fd1]" name="Android_1ravi" duration-ms="0" started-at="2018-09-10T03:46:08Z" finished-at="2018-09-10T03:46:08Z">
          <reporter-output>
          </reporter-output>
        </test-method> <!-- Android_1ravi -->
        <test-method status="PASS" signature="Android_2ravi()[pri:0, instance:mypackage1.Testng_Selenium1@4f933fd1]" name="Android_2ravi" duration-ms="0" started-at="2018-09-10T03:46:08Z" finished-at="2018-09-10T03:46:08Z">
          <reporter-output>
          </reporter-output>
        </test-method> <!-- Android_2ravi -->
        <test-method status="PASS" signature="myown()[pri:0, instance:mypackage1.Testng_Selenium1@4f933fd1]" name="myown" duration-ms="0" started-at="2018-09-10T03:46:08Z" finished-at="2018-09-10T03:46:08Z">
          <reporter-output>
          </reporter-output>
        </test-method> <!-- myown -->
        <test-method status="PASS" signature="aftertest_last()[pri:0, instance:mypackage1.Testng_Selenium1@4f933fd1]" name="aftertest_last" is-config="true" duration-ms="1" started-at="2018-09-10T03:46:08Z" finished-at="2018-09-10T03:46:08Z">
          <reporter-output>
          </reporter-output>
        </test-method> <!-- aftertest_last -->
        <test-method status="PASS" signature="afterTest1()[pri:0, instance:mypackage1.Testng_Selenium2@d2cc05a]" name="afterTest1" is-config="true" duration-ms="0" started-at="2018-09-10T03:46:08Z" finished-at="2018-09-10T03:46:08Z">
          <reporter-output>
          </reporter-output>
        </test-method> <!-- afterTest1 -->
        <test-method status="PASS" signature="afterSuite()[pri:0, instance:mypackage1.Testng_Selenium2@d2cc05a]" name="afterSuite" is-config="true" duration-ms="0" started-at="2018-09-10T03:46:08Z" finished-at="2018-09-10T03:46:08Z">
          <reporter-output>
          </reporter-output>
        </test-method> <!-- afterSuite -->
        <test-method status="PASS" signature="afterSuite1()[pri:0, instance:mypackage1.Testng_Selenium1@4f933fd1]" name="afterSuite1" is-config="true" duration-ms="0" started-at="2018-09-10T03:46:08Z" finished-at="2018-09-10T03:46:08Z">
          <reporter-output>
          </reporter-output>
        </test-method> <!-- afterSuite1 -->
      </class> <!-- mypackage1.Testng_Selenium1 -->
      <class name="mypackage1.Testng_Selenium2">
        <test-method status="PASS" signature="BeforeSuite()[pri:0, instance:mypackage1.Testng_Selenium2@d2cc05a]" name="BeforeSuite" is-config="true" duration-ms="12" started-at="2018-09-10T03:46:08Z" finished-at="2018-09-10T03:46:08Z">
          <reporter-output>
          </reporter-output>
        </test-method> <!-- BeforeSuite -->
        <test-method status="PASS" signature="BeforeTest1()[pri:0, instance:mypackage1.Testng_Selenium2@d2cc05a]" name="BeforeTest1" is-config="true" duration-ms="0" started-at="2018-09-10T03:46:08Z" finished-at="2018-09-10T03:46:08Z">
          <reporter-output>
          </reporter-output>
        </test-method> <!-- BeforeTest1 -->
        <test-method status="PASS" signature="AfterMethod1()[pri:0, instance:mypackage1.Testng_Selenium2@d2cc05a]" name="AfterMethod1" is-config="true" duration-ms="0" started-at="2018-09-10T03:46:08Z" finished-at="2018-09-10T03:46:08Z">
          <reporter-output>
          </reporter-output>
        </test-method> <!-- AfterMethod1 -->
        <test-method status="PASS" signature="iostestcase2()[pri:0, instance:mypackage1.Testng_Selenium2@d2cc05a]" name="iostestcase2" duration-ms="0" started-at="2018-09-10T03:46:08Z" finished-at="2018-09-10T03:46:08Z">
          <reporter-output>
          </reporter-output>
        </test-method> <!-- iostestcase2 -->
        <test-method status="PASS" signature="iostestcase1()[pri:0, instance:mypackage1.Testng_Selenium2@d2cc05a]" name="iostestcase1" duration-ms="0" started-at="2018-09-10T03:46:08Z" finished-at="2018-09-10T03:46:08Z">
          <reporter-output>
          </reporter-output>
        </test-method> <!-- iostestcase1 -->
        <test-method status="PASS" signature="beforeclass1()[pri:0, instance:mypackage1.Testng_Selenium2@d2cc05a]" name="beforeclass1" is-config="true" duration-ms="0" started-at="2018-09-10T03:46:08Z" finished-at="2018-09-10T03:46:08Z">
          <reporter-output>
          </reporter-output>
        </test-method> <!-- beforeclass1 -->
        <test-method status="PASS" signature="beforemethod1()[pri:0, instance:mypackage1.Testng_Selenium2@d2cc05a]" name="beforemethod1" is-config="true" duration-ms="0" started-at="2018-09-10T03:46:08Z" finished-at="2018-09-10T03:46:08Z">
          <reporter-output>
          </reporter-output>
        </test-method> <!-- beforemethod1 -->
        <test-method status="PASS" signature="beforemethod1()[pri:0, instance:mypackage1.Testng_Selenium2@d2cc05a]" name="beforemethod1" is-config="true" duration-ms="0" started-at="2018-09-10T03:46:08Z" finished-at="2018-09-10T03:46:08Z">
          <reporter-output>
          </reporter-output>
        </test-method> <!-- beforemethod1 -->
        <test-method status="PASS" signature="beforemethod1()[pri:0, instance:mypackage1.Testng_Selenium2@d2cc05a]" name="beforemethod1" is-config="true" duration-ms="0" started-at="2018-09-10T03:46:08Z" finished-at="2018-09-10T03:46:08Z">
          <reporter-output>
          </reporter-output>
        </test-method> <!-- beforemethod1 -->
        <test-method status="PASS" signature="AfterMethod1()[pri:0, instance:mypackage1.Testng_Selenium2@d2cc05a]" name="AfterMethod1" is-config="true" duration-ms="0" started-at="2018-09-10T03:46:08Z" finished-at="2018-09-10T03:46:08Z">
          <reporter-output>
          </reporter-output>
        </test-method> <!-- AfterMethod1 -->
        <test-method status="PASS" signature="AfterMethod1()[pri:0, instance:mypackage1.Testng_Selenium2@d2cc05a]" name="AfterMethod1" is-config="true" duration-ms="0" started-at="2018-09-10T03:46:08Z" finished-at="2018-09-10T03:46:08Z">
          <reporter-output>
          </reporter-output>
        </test-method> <!-- AfterMethod1 -->
        <test-method status="FAIL" signature="testnglisternetsfailed()[pri:0, instance:mypackage1.Testng_Selenium2@d2cc05a]" name="testnglisternetsfailed" duration-ms="11" started-at="2018-09-10T03:46:08Z" finished-at="2018-09-10T03:46:08Z">
          <exception class="java.lang.AssertionError">
            <message>
              <![CDATA[expected [true] but found [false]]]>
            </message>
            <full-stacktrace>
              <![CDATA[java.lang.AssertionError: expected [true] but found [false]
at org.testng.Assert.fail(Assert.java:96)
at org.testng.Assert.failNotEquals(Assert.java:776)
at org.testng.Assert.assertTrue(Assert.java:44)
at org.testng.Assert.assertTrue(Assert.java:54)
at mypackage1.Testng_Selenium2.testnglisternetsfailed(Testng_Selenium2.java:77)
at sun.reflect.NativeMethodAccessorImpl.invoke0(Native Method)
at sun.reflect.NativeMethodAccessorImpl.invoke(NativeMethodAccessorImpl.java:62)
at sun.reflect.DelegatingMethodAccessorImpl.invoke(DelegatingMethodAccessorImpl.java:43)
at java.lang.reflect.Method.invoke(Method.java:498)
at org.testng.internal.MethodInvocationHelper.invokeMethod(MethodInvocationHelper.java:124)
at org.testng.internal.Invoker.invokeMethod(Invoker.java:580)
at org.testng.internal.Invoker.invokeTestMethod(Invoker.java:716)
at org.testng.internal.Invoker.invokeTestMethods(Invoker.java:988)
at org.testng.internal.TestMethodWorker.invokeTestMethods(TestMethodWorker.java:125)
at org.testng.internal.TestMethodWorker.run(TestMethodWorker.java:109)
at org.testng.TestRunner.privateRun(TestRunner.java:648)
at org.testng.TestRunner.run(TestRunner.java:505)
at org.testng.SuiteRunner.runTest(SuiteRunner.java:455)
at org.testng.SuiteRunner.runSequentially(SuiteRunner.java:450)
at org.testng.SuiteRunner.privateRun(SuiteRunner.java:415)
at org.testng.SuiteRunner.run(SuiteRunner.java:364)
at org.testng.SuiteRunnerWorker.runSuite(SuiteRunnerWorker.java:52)
at org.testng.SuiteRunnerWorker.run(SuiteRunnerWorker.java:84)
at org.testng.TestNG.runSuitesSequentially(TestNG.java:1208)
at org.testng.TestNG.runSuitesLocally(TestNG.java:1137)
at org.testng.TestNG.runSuites(TestNG.java:1049)
at org.testng.TestNG.run(TestNG.java:1017)
at org.testng.remote.AbstractRemoteTestNG.run(AbstractRemoteTestNG.java:114)
at org.testng.remote.RemoteTestNG.initAndRun(RemoteTestNG.java:251)
at org.testng.remote.RemoteTestNG.main(RemoteTestNG.java:77)
]]>
            </full-stacktrace>
          </exception> <!-- java.lang.AssertionError -->
          <reporter-output>
          </reporter-output>
        </test-method> <!-- testnglisternetsfailed -->
        <test-method status="PASS" signature="iostestcase3()[pri:0, instance:mypackage1.Testng_Selenium2@d2cc05a]" name="iostestcase3" duration-ms="0" started-at="2018-09-10T03:46:08Z" finished-at="2018-09-10T03:46:08Z">
          <reporter-output>
          </reporter-output>
        </test-method> <!-- iostestcase3 -->
        <test-method status="PASS" signature="beforemethod1()[pri:0, instance:mypackage1.Testng_Selenium2@d2cc05a]" name="beforemethod1" is-config="true" duration-ms="0" started-at="2018-09-10T03:46:08Z" finished-at="2018-09-10T03:46:08Z">
          <reporter-output>
          </reporter-output>
        </test-method> <!-- beforemethod1 -->
        <test-method status="PASS" signature="afterclass1()[pri:0, instance:mypackage1.Testng_Selenium2@d2cc05a]" name="afterclass1" is-config="true" duration-ms="0" started-at="2018-09-10T03:46:08Z" finished-at="2018-09-10T03:46:08Z">
          <reporter-output>
          </reporter-output>
        </test-method> <!-- afterclass1 -->
        <test-method status="PASS" signature="AfterMethod1()[pri:0, instance:mypackage1.Testng_Selenium2@d2cc05a]" name="AfterMethod1" is-config="true" duration-ms="0" started-at="2018-09-10T03:46:08Z" finished-at="2018-09-10T03:46:08Z">
          <reporter-output>
          </reporter-output>
        </test-method> <!-- AfterMethod1 -->
      </class> <!-- mypackage1.Testng_Selenium2 -->
    </test> <!-- DummyTests -->
  </suite> <!-- SeleniumAutomation_Suites -->
</testng-results>
