<?xml version="1.0" encoding="UTF-8"?>
<testng-results skipped="0" failed="0" ignored="0" total="4" passed="4">
  <reporter-output>
  </reporter-output>
  <suite name="Default suite" duration-ms="40" started-at="2018-10-08T08:17:47Z" finished-at="2018-10-08T08:17:47Z">
    <groups>
    </groups>
    <test name="Default test" duration-ms="40" started-at="2018-10-08T08:17:47Z" finished-at="2018-10-08T08:17:47Z">
      <class name="mypackage1.Testng_Selenium7">
        <test-method status="PASS" signature="bS1()[pri:0, instance:mypackage1.Testng_Selenium7@4520ebad]" name="bS1" is-config="true" duration-ms="3" started-at="2018-10-08T08:17:47Z" finished-at="2018-10-08T08:17:47Z">
          <reporter-output>
          </reporter-output>
        </test-method> <!-- bS1 -->
        <test-method status="PASS" signature="bT1()[pri:0, instance:mypackage1.Testng_Selenium7@4520ebad]" name="bT1" is-config="true" duration-ms="0" started-at="2018-10-08T08:17:47Z" finished-at="2018-10-08T08:17:47Z">
          <reporter-output>
          </reporter-output>
        </test-method> <!-- bT1 -->
        <test-method status="PASS" signature="bc1()[pri:0, instance:mypackage1.Testng_Selenium7@4520ebad]" name="bc1" is-config="true" duration-ms="0" started-at="2018-10-08T08:17:47Z" finished-at="2018-10-08T08:17:47Z">
          <reporter-output>
          </reporter-output>
        </test-method> <!-- bc1 -->
        <test-method status="PASS" signature="tm1()[pri:0, instance:mypackage1.Testng_Selenium7@4520ebad]" name="tm1" duration-ms="10" started-at="2018-10-08T08:17:47Z" finished-at="2018-10-08T08:17:47Z">
          <reporter-output>
          </reporter-output>
        </test-method> <!-- tm1 -->
        <test-method status="PASS" signature="bm1()[pri:0, instance:mypackage1.Testng_Selenium7@4520ebad]" name="bm1" is-config="true" duration-ms="0" started-at="2018-10-08T08:17:47Z" finished-at="2018-10-08T08:17:47Z">
          <reporter-output>
          </reporter-output>
        </test-method> <!-- bm1 -->
        <test-method status="PASS" signature="am1()[pri:0, instance:mypackage1.Testng_Selenium7@4520ebad]" name="am1" is-config="true" duration-ms="0" started-at="2018-10-08T08:17:47Z" finished-at="2018-10-08T08:17:47Z">
          <reporter-output>
          </reporter-output>
        </test-method> <!-- am1 -->
        <test-method status="PASS" signature="bm1()[pri:0, instance:mypackage1.Testng_Selenium7@4520ebad]" name="bm1" is-config="true" duration-ms="0" started-at="2018-10-08T08:17:47Z" finished-at="2018-10-08T08:17:47Z">
          <reporter-output>
          </reporter-output>
        </test-method> <!-- bm1 -->
        <test-method status="PASS" signature="tm3()[pri:0, instance:mypackage1.Testng_Selenium7@4520ebad]" name="tm3" duration-ms="10" started-at="2018-10-08T08:17:47Z" finished-at="2018-10-08T08:17:47Z">
          <reporter-output>
          </reporter-output>
        </test-method> <!-- tm3 -->
        <test-method status="PASS" signature="bm1()[pri:0, instance:mypackage1.Testng_Selenium7@4520ebad]" name="bm1" is-config="true" duration-ms="0" started-at="2018-10-08T08:17:47Z" finished-at="2018-10-08T08:17:47Z">
          <reporter-output>
          </reporter-output>
        </test-method> <!-- bm1 -->
        <test-method status="PASS" signature="tm2()[pri:0, instance:mypackage1.Testng_Selenium7@4520ebad]" name="tm2" duration-ms="0" started-at="2018-10-08T08:17:47Z" finished-at="2018-10-08T08:17:47Z">
          <reporter-output>
          </reporter-output>
        </test-method> <!-- tm2 -->
        <test-method status="PASS" signature="am1()[pri:0, instance:mypackage1.Testng_Selenium7@4520ebad]" name="am1" is-config="true" duration-ms="0" started-at="2018-10-08T08:17:47Z" finished-at="2018-10-08T08:17:47Z">
          <reporter-output>
          </reporter-output>
        </test-method> <!-- am1 -->
        <test-method status="PASS" signature="tm4()[pri:0, instance:mypackage1.Testng_Selenium7@4520ebad]" name="tm4" duration-ms="0" started-at="2018-10-08T08:17:47Z" finished-at="2018-10-08T08:17:47Z">
          <reporter-output>
          </reporter-output>
        </test-method> <!-- tm4 -->
        <test-method status="PASS" signature="am1()[pri:0, instance:mypackage1.Testng_Selenium7@4520ebad]" name="am1" is-config="true" duration-ms="0" started-at="2018-10-08T08:17:47Z" finished-at="2018-10-08T08:17:47Z">
          <reporter-output>
          </reporter-output>
        </test-method> <!-- am1 -->
        <test-method status="PASS" signature="bm1()[pri:0, instance:mypackage1.Testng_Selenium7@4520ebad]" name="bm1" is-config="true" duration-ms="0" started-at="2018-10-08T08:17:47Z" finished-at="2018-10-08T08:17:47Z">
          <reporter-output>
          </reporter-output>
        </test-method> <!-- bm1 -->
        <test-method status="PASS" signature="aT1()[pri:0, instance:mypackage1.Testng_Selenium7@4520ebad]" name="aT1" is-config="true" duration-ms="0" started-at="2018-10-08T08:17:47Z" finished-at="2018-10-08T08:17:47Z">
          <reporter-output>
          </reporter-output>
        </test-method> <!-- aT1 -->
        <test-method status="PASS" signature="am1()[pri:0, instance:mypackage1.Testng_Selenium7@4520ebad]" name="am1" is-config="true" duration-ms="0" started-at="2018-10-08T08:17:47Z" finished-at="2018-10-08T08:17:47Z">
          <reporter-output>
          </reporter-output>
        </test-method> <!-- am1 -->
        <test-method status="PASS" signature="ac1()[pri:0, instance:mypackage1.Testng_Selenium7@4520ebad]" name="ac1" is-config="true" duration-ms="0" started-at="2018-10-08T08:17:47Z" finished-at="2018-10-08T08:17:47Z">
          <reporter-output>
          </reporter-output>
        </test-method> <!-- ac1 -->
        <test-method status="PASS" signature="as1()[pri:0, instance:mypackage1.Testng_Selenium7@4520ebad]" name="as1" is-config="true" duration-ms="0" started-at="2018-10-08T08:17:47Z" finished-at="2018-10-08T08:17:47Z">
          <reporter-output>
          </reporter-output>
        </test-method> <!-- as1 -->
      </class> <!-- mypackage1.Testng_Selenium7 -->
    </test> <!-- Default test -->
  </suite> <!-- Default suite -->
</testng-results>
